<?xml version="1.0" encoding="UTF-8"?>
<!-- Generated by org.testng.reporters.JUnitReportReporter -->
<testsuite hostname="DESKTOP-O0HTBBE" failures="0" tests="1" name="Demo.sumValidation" time="2.169" errors="0" timestamp="2022-03-06T13:16:04 IST" skipped="0">
  <testcase classname="Demo.sumValidation" name="sumofvalidate" time="2.169"/>
  <system-out/>
</testsuite> <!-- Demo.sumValidation -->
